<?xml version="1.0" encoding="UTF-8"?>
<!-- Generated by org.testng.reporters.JUnitXMLReporter -->
<testsuite ignored="0" hostname="LAPTOP-RKEVC29F" failures="1" tests="4" name="Test" time="10.639" errors="0" timestamp="2025-07-27T01:37:21 IST">
  <testcase classname="api.testcases.userTest" name="testCreateUser" time="4.802"/>
  <testcase classname="api.testcases.userTest" name="testGetUser" time="1.168">
    <failure type="java.lang.AssertionError" message="expected [200] but found [404]">
      <![CDATA[java.lang.AssertionError: expected [200] but found [404]
at api.testcases.userTest.testGetUser(userTest.java:51)
at java.base/java.util.ArrayList.forEach(ArrayList.java:1596)
... Removed 32 stack frames]]>
    </failure>
  </testcase> <!-- testGetUser -->
  <testcase classname="api.testcases.userTest" name="testupdateUser" time="2.361"/>
  <testcase classname="api.testcases.userTest" name="testdeleteUser" time="1.17"/>
</testsuite> <!-- Test -->
